<?xml version="1.0" encoding="UTF-8"?>
<!-- Generated by org.testng.reporters.JUnitReportReporter -->
<testsuite hostname="aldhafera" name="betfair.pages.SearchCustomerTest" tests="2" failures="0" timestamp="27 Jun 2013 11:13:19 GMT" time="14.447" errors="0">
  <testcase name="searchCustomerUsername" time="9.519" classname="betfair.pages.SearchCustomerTest"/>
  <testcase name="searchCustomerAccount" time="4.928" classname="betfair.pages.SearchCustomerTest"/>
</testsuite> <!-- betfair.pages.SearchCustomerTest -->
