<?xml version="1.0" encoding="UTF-8"?>
<!-- Generated by org.testng.reporters.JUnitReportReporter -->
<testsuite hostname="aldhafera" name="betfair.pages.CreateEventsTest" tests="2" failures="0" timestamp="27 Jun 2013 11:13:19 GMT" time="41.584" errors="0">
  <testcase name="createHorseRacingEvent" time="13.843" classname="betfair.pages.CreateEventsTest"/>
  <testcase name="createEnglishFootballEvent" time="27.741" classname="betfair.pages.CreateEventsTest"/>
</testsuite> <!-- betfair.pages.CreateEventsTest -->
