<?xml version="1.0" encoding="UTF-8"?>
<!-- Generated by org.testng.reporters.JUnitReportReporter -->
<testsuite hostname="aldhafera" name="betfair.pages.FundsTransferEndToEndTest" tests="1" failures="0" timestamp="27 Jun 2013 11:13:19 GMT" time="328.509" errors="0">
  <testcase name="fundsTransferEndtoEnd" time="328.509" classname="betfair.pages.FundsTransferEndToEndTest"/>
</testsuite> <!-- betfair.pages.FundsTransferEndToEndTest -->
